0 info it worked if it ends with ok
1 verbose cli [ '/opt/local/bin/node', '/opt/local/bin/npm', 'publish' ]
2 info using npm@1.1.68
3 info using node@v0.8.15
4 verbose publish [ '.' ]
5 verbose read json /Users/jameslafferty/Projects/NodeJS/com.nearlysensical/countries/package.json
6 verbose cache add [ '.', null ]
7 silly cache add name=undefined spec="." args=[".",null]
8 verbose parsed url { pathname: '.', path: '.', href: '.' }
9 silly lockFile 3a52ce78- .
10 verbose lock . /Users/jameslafferty/.npm/3a52ce78-.lock
11 verbose read json package.json
12 verbose tar pack [ '/var/folders/sh/thv_p04s2y91r39qdm62gtlr0000gn/T/npm-6938/1355609253820-0.8991593574173748/tmp.tgz',
12 verbose tar pack   '.' ]
13 verbose tarball /var/folders/sh/thv_p04s2y91r39qdm62gtlr0000gn/T/npm-6938/1355609253820-0.8991593574173748/tmp.tgz
14 verbose folder .
15 info prepublish countries@0.1.0
16 silly lockFile 2273e392-53820-0-8991593574173748-tmp-tgz /var/folders/sh/thv_p04s2y91r39qdm62gtlr0000gn/T/npm-6938/1355609253820-0.8991593574173748/tmp.tgz
17 verbose lock /var/folders/sh/thv_p04s2y91r39qdm62gtlr0000gn/T/npm-6938/1355609253820-0.8991593574173748/tmp.tgz /Users/jameslafferty/.npm/2273e392-53820-0-8991593574173748-tmp-tgz.lock
18 silly lockFile 2273e392-53820-0-8991593574173748-tmp-tgz /var/folders/sh/thv_p04s2y91r39qdm62gtlr0000gn/T/npm-6938/1355609253820-0.8991593574173748/tmp.tgz
19 verbose tar unpack /var/folders/sh/thv_p04s2y91r39qdm62gtlr0000gn/T/npm-6938/1355609253820-0.8991593574173748/tmp.tgz
20 silly lockFile 18a46c07-53820-0-8991593574173748-package /var/folders/sh/thv_p04s2y91r39qdm62gtlr0000gn/T/npm-6938/1355609253820-0.8991593574173748/package
21 verbose lock /var/folders/sh/thv_p04s2y91r39qdm62gtlr0000gn/T/npm-6938/1355609253820-0.8991593574173748/package /Users/jameslafferty/.npm/18a46c07-53820-0-8991593574173748-package.lock
22 silly gunzTarPerm modes [ '755', '644' ]
23 silly gunzTarPerm extractEntry package.json
24 silly gunzTarPerm extractEntry .npmignore
25 silly gunzTarPerm extractEntry README.md
26 silly gunzTarPerm extractEntry grunt.js
27 silly gunzTarPerm extractEntry lib/continents.js
28 silly gunzTarPerm extractEntry lib/countries.js
29 silly gunzTarPerm extractEntry LICENSE-GPL
30 silly gunzTarPerm extractEntry test/countries_test.js
31 verbose read json /var/folders/sh/thv_p04s2y91r39qdm62gtlr0000gn/T/npm-6938/1355609253820-0.8991593574173748/package/package.json
32 silly lockFile 18a46c07-53820-0-8991593574173748-package /var/folders/sh/thv_p04s2y91r39qdm62gtlr0000gn/T/npm-6938/1355609253820-0.8991593574173748/package
33 verbose from cache /var/folders/sh/thv_p04s2y91r39qdm62gtlr0000gn/T/npm-6938/1355609253820-0.8991593574173748/package/package.json
34 verbose tar pack [ '/Users/jameslafferty/.npm/countries/0.1.0/package.tgz',
34 verbose tar pack   '/var/folders/sh/thv_p04s2y91r39qdm62gtlr0000gn/T/npm-6938/1355609253820-0.8991593574173748/package' ]
35 verbose tarball /Users/jameslafferty/.npm/countries/0.1.0/package.tgz
36 verbose folder /var/folders/sh/thv_p04s2y91r39qdm62gtlr0000gn/T/npm-6938/1355609253820-0.8991593574173748/package
37 silly lockFile 25875ba4--npm-countries-0-1-0-package-tgz /Users/jameslafferty/.npm/countries/0.1.0/package.tgz
38 verbose lock /Users/jameslafferty/.npm/countries/0.1.0/package.tgz /Users/jameslafferty/.npm/25875ba4--npm-countries-0-1-0-package-tgz.lock
39 silly lockFile 25875ba4--npm-countries-0-1-0-package-tgz /Users/jameslafferty/.npm/countries/0.1.0/package.tgz
40 silly lockFile 57df26c0-erty-npm-countries-0-1-0-package /Users/jameslafferty/.npm/countries/0.1.0/package
41 verbose lock /Users/jameslafferty/.npm/countries/0.1.0/package /Users/jameslafferty/.npm/57df26c0-erty-npm-countries-0-1-0-package.lock
42 silly lockFile 57df26c0-erty-npm-countries-0-1-0-package /Users/jameslafferty/.npm/countries/0.1.0/package
43 verbose tar unpack /Users/jameslafferty/.npm/countries/0.1.0/package.tgz
44 silly lockFile 57df26c0-erty-npm-countries-0-1-0-package /Users/jameslafferty/.npm/countries/0.1.0/package
45 verbose lock /Users/jameslafferty/.npm/countries/0.1.0/package /Users/jameslafferty/.npm/57df26c0-erty-npm-countries-0-1-0-package.lock
46 silly gunzTarPerm modes [ '755', '644' ]
47 silly gunzTarPerm extractEntry package.json
48 silly gunzTarPerm extractEntry .npmignore
49 silly gunzTarPerm extractEntry README.md
50 silly gunzTarPerm extractEntry grunt.js
51 silly gunzTarPerm extractEntry lib/continents.js
52 silly gunzTarPerm extractEntry lib/countries.js
53 silly gunzTarPerm extractEntry LICENSE-GPL
54 silly gunzTarPerm extractEntry test/countries_test.js
55 verbose read json /Users/jameslafferty/.npm/countries/0.1.0/package/package.json
56 silly lockFile 57df26c0-erty-npm-countries-0-1-0-package /Users/jameslafferty/.npm/countries/0.1.0/package
57 silly shasum updated bytes 10655
58 info shasum dc80acc72c7df6864e49b9bf9ddd5f05a32782b0
58 info shasum /Users/jameslafferty/.npm/countries/0.1.0/package.tgz
59 verbose from cache /Users/jameslafferty/.npm/countries/0.1.0/package/package.json
60 verbose chmod /Users/jameslafferty/.npm/countries/0.1.0/package.tgz 644
61 verbose chown /Users/jameslafferty/.npm/countries/0.1.0/package.tgz [ 501, 20 ]
62 silly lockFile 3a52ce78- .
63 silly publish { name: 'countries',
63 silly publish   description: 'A utility for working with countries.',
63 silly publish   version: '0.1.0',
63 silly publish   homepage: 'https://github.com/jameslafferty/countries',
63 silly publish   author:
63 silly publish    { name: 'jameslafferty',
63 silly publish      email: 'james@nearlysensical.com',
63 silly publish      url: 'https://github.com/jameslafferty' },
63 silly publish   repository:
63 silly publish    { type: 'git',
63 silly publish      url: 'git://github.com/jameslafferty/countries.git' },
63 silly publish   bugs: { url: 'https://github.com/jameslafferty/countries/issues' },
63 silly publish   licenses:
63 silly publish    [ { type: 'GPL',
63 silly publish        url: 'https://github.com/jameslafferty/countries/blob/master/LICENSE-GPL' } ],
63 silly publish   main: 'lib/countries',
63 silly publish   engines: { node: '>= 0.6.0' },
63 silly publish   scripts: { test: 'grunt test' },
63 silly publish   devDependencies: { grunt: '~0.3.11' },
63 silly publish   keywords: [],
63 silly publish   readme: '# countries\n\nA utility for working with countries.\n\n## Getting Started\nInstall the module with: `npm install countries`\n\n```javascript\nvar countries = require(\'countries\');\ncountries.awesome(); // "awesome"\n```\n\n## Documentation\n_(Coming soon)_\n\n## Examples\n_(Coming soon)_\n\n## Contributing\nIn lieu of a formal styleguide, take care to maintain the existing coding style. Add unit tests for any new or changed functionality. Lint and test your code using [grunt](https://github.com/cowboy/grunt).\n\n## Release History\n_(Nothing yet)_\n\n## License\nCopyright (c) 2012 jameslafferty  \nLicensed under the GPL license.\n',
63 silly publish   readmeFilename: 'README.md',
63 silly publish   _id: 'countries@0.1.0',
63 silly publish   dist: { shasum: 'dc80acc72c7df6864e49b9bf9ddd5f05a32782b0' } }
64 verbose url raw countries
65 verbose url resolving [ 'https://registry.npmjs.org/', './countries' ]
66 verbose url resolved https://registry.npmjs.org/countries
67 info trying registry request attempt 1 at 14:07:34
68 http PUT https://registry.npmjs.org/countries
69 http 409 https://registry.npmjs.org/countries
70 verbose url raw countries
71 verbose url resolving [ 'https://registry.npmjs.org/', './countries' ]
72 verbose url resolved https://registry.npmjs.org/countries
73 info trying registry request attempt 1 at 14:07:34
74 http GET https://registry.npmjs.org/countries
75 http 200 https://registry.npmjs.org/countries
76 error publish fail Cannot publish over existing version.
76 error publish fail Bump the 'version' field, set the --force flag, or
76 error publish fail     npm unpublish 'countries@0.1.0'
76 error publish fail and try again
77 error System Darwin 12.2.0
78 error command "/opt/local/bin/node" "/opt/local/bin/npm" "publish"
79 error cwd /Users/jameslafferty/Projects/NodeJS/com.nearlysensical/countries
80 error node -v v0.8.15
81 error npm -v 1.1.68
82 error code EPUBLISHCONFLICT
83 verbose exit [ 1, true ]
